<?xml version="1.0" encoding="UTF-8"?>
<testng-results skipped="0" failed="0" ignored="0" total="1" passed="1">
  <reporter-output>
  </reporter-output>
  <suite name="Automation Test Report" duration-ms="34444" started-at="2021-07-23T07:47:12Z" finished-at="2021-07-23T07:47:46Z">
    <groups>
    </groups>
    <test name="Automation Test Report" duration-ms="34444" started-at="2021-07-23T07:47:12Z" finished-at="2021-07-23T07:47:46Z">
      <class name="com.testautomation.TestRunner.TestRunner">
        <test-method status="PASS" signature="setUpClass()[pri:0, instance:com.testautomation.TestRunner.TestRunner@6e1567f1]" name="setUpClass" is-config="true" duration-ms="115" started-at="2021-07-23T15:47:19Z" finished-at="2021-07-23T15:47:19Z">
          <reporter-output>
          </reporter-output>
        </test-method> <!-- setUpClass -->
        <test-method status="PASS" signature="feature(cucumber.api.testng.PickleEventWrapper, cucumber.api.testng.CucumberFeatureWrapper)[pri:0, instance:com.testautomation.TestRunner.TestRunner@6e1567f1]" name="feature" duration-ms="27302" started-at="2021-07-23T15:47:19Z" data-provider="features" finished-at="2021-07-23T15:47:46Z">
          <params>
            <param index="0">
              <value>
                <![CDATA["Test Data Reading for the test cases"]]>
              </value>
            </param>
            <param index="1">
              <value>
                <![CDATA["Test Data Reading for the test cases"]]>
              </value>
            </param>
          </params>
          <reporter-output>
          </reporter-output>
        </test-method> <!-- feature -->
        <test-method status="PASS" signature="tearDownClass()[pri:0, instance:com.testautomation.TestRunner.TestRunner@6e1567f1]" name="tearDownClass" is-config="true" duration-ms="6" started-at="2021-07-23T15:47:46Z" finished-at="2021-07-23T15:47:46Z">
          <reporter-output>
          </reporter-output>
        </test-method> <!-- tearDownClass -->
      </class> <!-- com.testautomation.TestRunner.TestRunner -->
    </test> <!-- Automation Test Report -->
  </suite> <!-- Automation Test Report -->
</testng-results>
